<?xml version="1.0" encoding="UTF-8"?>
<!-- Generated by org.testng.reporters.JUnitXMLReporter -->
<testsuite hostname="Sabakuch1" ignored="0" name="Default test" tests="4" failures="0" timestamp="22 Nov 2017 13:40:09 GMT" time="0.117" errors="0">
  <testcase name="am" time="0.025" classname="testcase.sample_testcase"/>
  <testcase name="an" time="0.007" classname="testcase.sample_testcase"/>
  <testcase name="c" time="0.006" classname="testcase.sample_testcase"/>
  <testcase name="z" time="0.007" classname="testcase.sample_testcase"/>
</testsuite> <!-- Default test -->
